SF:lib/src/channels/channel.dart
DA:29,3
DA:31,1
LF:2
LH:2
end_of_record
SF:lib/src/channels/channel_id.dart
DA:11,6
DA:12,6
DA:14,1
DA:16,6
DA:24,6
DA:28,1
DA:29,1
DA:32,2
DA:41,6
DA:42,6
DA:46,6
DA:50,12
DA:54,12
DA:59,6
DA:60,6
DA:64,6
DA:68,2
DA:69,2
DA:70,2
DA:71,4
DA:77,2
DA:78,2
LF:22
LH:22
end_of_record
SF:lib/src/channels/channel_client.dart
DA:18,8
DA:23,1
DA:24,1
DA:25,4
DA:27,1
DA:29,1
DA:30,1
DA:31,1
DA:32,1
DA:39,1
DA:40,1
DA:42,4
DA:43,1
DA:44,2
DA:45,1
DA:46,1
DA:47,1
DA:48,1
DA:55,0
DA:56,0
DA:58,0
DA:60,0
DA:61,0
DA:62,0
DA:63,0
DA:64,0
DA:65,0
DA:66,0
DA:67,0
DA:74,2
DA:75,2
DA:77,8
DA:79,2
DA:80,2
DA:81,2
DA:82,2
DA:83,2
DA:84,14
DA:85,2
DA:86,2
DA:92,1
DA:93,1
DA:94,4
DA:95,1
DA:97,1
DA:98,2
DA:103,1
DA:104,1
DA:105,3
DA:106,4
DA:116,1
DA:117,1
DA:118,5
DA:120,2
DA:122,1
DA:123,1
DA:124,3
DA:125,1
DA:126,1
DA:127,1
DA:129,2
DA:130,1
DA:133,1
DA:134,3
DA:136,2
DA:139,1
DA:140,1
DA:143,1
LF:68
LH:57
end_of_record
SF:lib/src/extensions/helpers_extension.dart
DA:14,6
DA:17,0
DA:20,1
DA:21,4
DA:23,18
DA:26,18
DA:29,8
DA:30,24
DA:31,16
DA:35,8
DA:37,8
DA:38,8
DA:42,24
DA:44,1
DA:45,2
DA:46,1
DA:54,3
DA:55,9
DA:59,3
DA:60,9
DA:62,6
DA:63,0
DA:65,6
DA:66,3
DA:67,12
DA:69,4
DA:70,2
DA:71,4
DA:72,4
DA:73,4
DA:76,0
DA:79,4
DA:84,0
DA:88,18
DA:90,0
DA:94,0
DA:98,0
DA:102,0
DA:107,0
DA:110,0
DA:112,0
DA:116,0
DA:120,12
DA:124,24
DA:131,2
DA:136,2
DA:137,4
DA:139,0
DA:141,6
DA:143,4
DA:146,2
DA:148,2
DA:149,0
DA:150,2
DA:151,0
DA:152,2
DA:153,0
DA:154,2
DA:155,0
DA:156,2
DA:157,0
DA:158,2
DA:159,2
DA:160,2
DA:161,4
DA:163,0
DA:167,4
DA:170,0
DA:174,0
DA:181,0
DA:182,0
DA:183,0
DA:194,3
DA:195,6
DA:198,3
DA:205,0
DA:206,0
DA:208,0
DA:210,0
DA:217,8
DA:218,8
DA:227,8
DA:228,8
DA:232,8
DA:233,0
DA:239,8
DA:240,8
DA:243,0
DA:251,8
DA:252,0
DA:255,16
DA:262,1
DA:263,2
DA:264,1
DA:266,1
DA:273,15
DA:278,8
DA:282,16
DA:283,32
DA:285,8
DA:289,0
DA:297,0
DA:299,0
DA:301,0
DA:309,0
DA:311,0
DA:313,0
DA:314,0
DA:317,0
DA:318,0
DA:323,0
DA:324,0
LF:112
LH:69
end_of_record
SF:lib/src/reverse_engineering/pages/channel_about_page.dart
DA:13,6
DA:16,6
DA:19,6
DA:22,6
DA:25,6
DA:28,6
DA:31,6
DA:34,2
DA:35,8
DA:38,0
DA:39,0
DA:41,0
DA:42,0
DA:43,0
DA:50,2
DA:52,2
DA:54,4
DA:55,4
DA:56,2
DA:63,3
DA:66,4
DA:68,4
DA:70,2
DA:71,2
DA:72,2
DA:73,2
DA:74,2
DA:75,8
DA:76,2
DA:77,2
DA:78,2
DA:79,2
DA:80,2
DA:81,2
DA:82,2
DA:83,2
DA:84,2
DA:87,2
DA:88,6
DA:90,4
DA:91,2
DA:92,3
DA:93,2
DA:94,1
DA:95,1
DA:96,1
DA:97,1
DA:98,1
DA:100,0
DA:101,0
DA:102,0
DA:104,1
DA:105,1
DA:106,1
DA:107,1
DA:108,1
DA:110,1
DA:111,1
DA:113,2
DA:114,8
DA:116,2
DA:117,10
DA:119,8
DA:121,2
DA:122,6
DA:124,2
DA:125,6
DA:127,1
DA:128,5
LF:69
LH:61
end_of_record
SF:lib/src/reverse_engineering/pages/channel_page.dart
DA:13,3
DA:16,1
DA:17,4
DA:21,3
DA:24,1
DA:25,4
DA:29,1
DA:30,4
DA:33,3
DA:35,3
DA:38,1
DA:39,4
DA:42,1
DA:43,1
DA:45,2
DA:46,2
DA:47,1
DA:49,1
DA:50,0
DA:57,1
DA:59,1
DA:61,2
DA:63,2
DA:64,1
DA:66,1
DA:67,0
DA:70,0
DA:71,0
DA:74,0
DA:76,0
DA:82,3
DA:84,2
DA:86,1
DA:87,3
DA:88,1
DA:92,2
DA:96,2
DA:100,2
DA:104,2
DA:109,1
DA:115,1
DA:117,1
DA:121,2
DA:124,2
DA:125,1
DA:126,1
DA:127,1
DA:128,1
DA:129,1
DA:130,1
LF:50
LH:44
end_of_record
SF:lib/src/reverse_engineering/pages/channel_upload_page.dart
DA:18,3
DA:21,0
DA:22,0
DA:25,0
DA:26,0
DA:30,0
DA:31,0
DA:35,1
DA:38,1
DA:39,2
DA:40,2
DA:41,1
DA:46,1
DA:47,4
DA:51,2
DA:57,2
DA:59,1
DA:60,1
DA:61,1
DA:64,4
DA:67,1
DA:69,2
DA:70,1
DA:71,1
DA:72,1
DA:73,1
DA:74,3
DA:75,1
DA:76,3
DA:77,1
DA:78,1
DA:79,1
DA:80,1
DA:81,1
DA:82,1
DA:83,1
DA:85,1
DA:87,3
DA:88,0
DA:93,0
DA:94,0
DA:95,0
DA:96,0
DA:97,0
DA:98,0
DA:99,0
DA:102,0
DA:107,0
DA:108,0
DA:109,0
DA:110,0
DA:111,0
DA:112,0
DA:113,0
DA:114,0
DA:115,0
DA:116,0
DA:117,0
DA:118,0
DA:119,0
DA:120,0
DA:121,0
DA:122,0
DA:123,0
DA:124,0
DA:125,0
DA:126,0
DA:127,0
DA:128,0
DA:130,0
DA:131,0
DA:132,0
DA:133,0
DA:134,0
DA:135,0
DA:136,0
DA:137,0
DA:138,0
DA:139,0
DA:144,1
DA:145,1
DA:149,1
DA:150,1
DA:151,2
DA:152,2
DA:153,6
DA:156,1
DA:157,1
DA:158,1
DA:159,1
DA:160,1
DA:161,1
DA:163,4
DA:165,2
DA:166,3
LF:95
LH:48
end_of_record
SF:lib/src/reverse_engineering/pages/watch_page.dart
DA:15,2
DA:16,1
DA:17,4
DA:18,2
DA:19,10
DA:20,5
DA:21,15
DA:35,1
DA:36,1
DA:37,1
DA:38,4
DA:39,1
DA:40,4
DA:44,1
DA:48,20
DA:51,5
DA:52,10
DA:55,2
DA:56,4
DA:57,2
DA:58,3
DA:59,0
DA:60,0
DA:61,0
DA:62,1
DA:63,1
DA:64,0
DA:65,0
DA:66,0
DA:70,2
DA:71,4
DA:72,4
DA:73,6
DA:74,0
DA:75,0
DA:76,0
DA:77,2
DA:78,2
DA:79,0
DA:80,0
DA:81,0
DA:84,3
DA:86,3
DA:88,2
DA:90,10
DA:93,1
DA:94,1
DA:95,5
DA:96,1
DA:97,1
DA:101,0
DA:104,5
DA:105,5
DA:106,5
DA:107,15
DA:108,5
DA:109,5
DA:110,5
DA:111,10
DA:112,0
DA:117,5
DA:118,5
DA:119,14
DA:122,5
DA:123,5
DA:124,10
DA:125,10
DA:127,10
DA:128,15
DA:129,15
DA:130,10
DA:132,5
DA:133,0
DA:136,5
DA:137,4
DA:150,0
DA:162,4
DA:164,4
DA:165,4
DA:167,2
DA:168,4
DA:169,2
DA:170,2
DA:171,2
DA:172,2
DA:173,2
DA:174,2
DA:175,6
DA:176,2
DA:177,2
DA:178,2
DA:179,2
DA:180,6
DA:181,2
DA:182,2
DA:183,2
DA:184,2
DA:185,2
DA:187,2
DA:192,2
DA:193,4
DA:194,2
DA:195,2
DA:196,2
DA:197,2
DA:198,2
DA:199,2
DA:200,6
DA:201,2
DA:202,2
DA:203,2
DA:204,2
DA:205,6
DA:206,2
DA:207,2
DA:208,2
DA:209,2
DA:210,0
DA:211,0
DA:213,2
DA:218,1
DA:219,2
DA:220,1
DA:221,1
DA:222,1
DA:223,1
DA:224,1
DA:225,1
DA:226,3
DA:227,1
DA:228,1
DA:229,1
DA:230,1
DA:231,0
DA:232,0
DA:237,1
DA:238,1
LF:137
LH:117
end_of_record
SF:lib/src/reverse_engineering/youtube_http_client.dart
DA:18,4
DA:36,8
DA:37,8
DA:40,8
DA:41,8
DA:43,8
DA:45,24
DA:46,0
DA:47,0
DA:50,8
DA:51,0
DA:54,8
DA:55,0
DA:58,8
DA:59,0
DA:64,6
DA:66,12
DA:67,6
DA:70,12
DA:73,6
DA:77,8
DA:79,17
DA:80,8
DA:81,8
DA:83,16
DA:84,8
DA:87,10
DA:93,4
DA:99,8
DA:100,4
DA:103,2
DA:109,0
DA:113,0
DA:114,0
DA:115,0
DA:117,0
DA:118,0
DA:121,0
DA:124,0
DA:127,1
DA:132,2
DA:134,0
DA:141,1
DA:148,0
DA:154,0
DA:155,0
DA:156,0
DA:157,0
DA:158,0
DA:162,1
DA:167,1
DA:170,4
DA:172,3
DA:173,1
DA:174,2
DA:175,3
DA:176,1
DA:179,2
DA:181,1
DA:182,3
DA:183,2
DA:184,1
DA:185,2
DA:187,2
DA:188,0
DA:190,0
DA:191,0
DA:194,0
DA:195,0
DA:199,0
DA:206,1
DA:208,2
DA:209,1
DA:212,0
DA:215,3
DA:219,3
DA:220,8
DA:222,3
DA:233,3
DA:234,3
DA:236,6
DA:237,9
DA:238,3
DA:240,6
DA:244,8
DA:246,8
DA:247,16
DA:250,8
DA:252,8
DA:254,16
DA:255,16
DA:256,24
DA:261,16
LF:93
LH:66
end_of_record
SF:lib/src/videos/video.dart
DA:16,3
DA:19,0
DA:21,5
DA:67,5
DA:92,5
DA:146,5
LF:6
LH:5
end_of_record
SF:lib/src/videos/video_id.dart
DA:10,9
DA:11,3
DA:12,3
DA:13,2
DA:14,1
DA:17,8
DA:18,8
DA:21,1
DA:24,8
DA:27,8
DA:36,5
DA:37,5
DA:40,2
DA:43,2
DA:44,2
DA:47,8
DA:48,8
DA:52,16
DA:56,16
DA:61,8
DA:62,8
DA:66,8
DA:71,9
DA:72,6
DA:77,3
DA:78,2
DA:83,3
DA:84,2
DA:89,2
DA:90,1
LF:30
LH:30
end_of_record
SF:lib/src/channels/channel_uploads_list.dart
DA:20,2
DA:24,0
DA:25,0
DA:29,0
DA:30,0
DA:31,0
DA:32,0
DA:33,0
DA:34,0
DA:35,0
DA:36,0
DA:37,0
DA:40,0
DA:41,0
DA:43,0
DA:46,0
DA:47,0
DA:48,0
DA:50,0
LF:19
LH:1
end_of_record
SF:lib/src/channels/username.dart
DA:11,3
DA:12,3
DA:14,1
DA:17,3
DA:22,2
DA:23,2
DA:26,4
DA:35,3
DA:36,3
DA:40,6
DA:48,3
DA:49,3
DA:53,3
DA:57,2
DA:58,2
DA:59,2
DA:60,4
LF:17
LH:17
end_of_record
SF:lib/src/channels/video_sorting.dart
DA:16,12
LF:1
LH:1
end_of_record
SF:lib/src/common/engagement.dart
DA:19,5
DA:23,0
DA:24,0
DA:25,0
DA:27,0
DA:30,0
LF:6
LH:1
end_of_record
SF:lib/src/common/thumbnail_set.dart
DA:14,5
DA:17,6
DA:20,2
DA:21,4
DA:24,6
DA:28,2
DA:29,4
DA:33,2
DA:34,4
LF:9
LH:9
end_of_record
SF:lib/src/exceptions/fatal_failure_exception.dart
DA:10,0
DA:13,0
DA:14,0
DA:15,0
DA:19,0
DA:20,0
DA:21,0
LF:7
LH:0
end_of_record
SF:lib/src/exceptions/http_client_closed.dart
DA:6,0
DA:7,0
LF:2
LH:0
end_of_record
SF:lib/src/exceptions/request_limit_exceeded_exception.dart
DA:8,0
DA:11,0
DA:16,0
DA:18,0
LF:4
LH:0
end_of_record
SF:lib/src/exceptions/search_item_section_exception.dart
DA:7,0
LF:1
LH:0
end_of_record
SF:lib/src/exceptions/transient_failure_exception.dart
DA:8,0
DA:11,0
DA:16,0
DA:18,0
LF:4
LH:0
end_of_record
SF:lib/src/exceptions/video_requires_purchase_exception.dart
DA:10,1
DA:11,2
LF:2
LH:2
end_of_record
SF:lib/src/exceptions/video_unavailable_exception.dart
DA:9,0
DA:12,2
DA:13,4
LF:3
LH:2
end_of_record
SF:lib/src/exceptions/video_unplayable_exception.dart
DA:7,4
DA:10,1
DA:11,2
DA:18,0
DA:19,0
DA:24,0
DA:25,0
LF:7
LH:3
end_of_record
SF:lib/src/exceptions/youtube_explode_exception.dart
DA:12,0
DA:15,2
DA:17,0
DA:20,0
DA:21,0
DA:23,0
DA:24,0
DA:25,0
DA:26,0
DA:27,0
DA:28,0
DA:31,0
LF:12
LH:1
end_of_record
SF:lib/src/reverse_engineering/cipher/cipher_operations.dart
DA:4,12
DA:16,0
DA:18,0
DA:19,0
DA:21,0
DA:22,0
DA:31,0
DA:33,0
DA:35,0
DA:36,0
DA:37,0
DA:38,0
DA:39,0
DA:42,0
DA:43,0
DA:49,12
DA:51,0
DA:53,0
DA:54,0
DA:57,0
LF:20
LH:2
end_of_record
SF:lib/src/playlists/playlist.dart
DA:37,1
DA:40,3
LF:2
LH:2
end_of_record
SF:lib/src/playlists/playlist_id.dart
DA:10,4
DA:11,2
DA:12,2
DA:13,1
DA:14,2
DA:15,1
DA:16,2
DA:17,1
DA:20,4
DA:21,4
DA:23,1
DA:25,4
DA:28,4
DA:37,2
DA:38,2
DA:41,0
DA:45,4
DA:46,4
DA:48,4
DA:53,4
DA:58,4
DA:62,4
DA:63,4
DA:64,3
DA:65,3
DA:66,2
DA:67,2
DA:68,2
DA:69,2
DA:73,8
DA:77,8
DA:82,4
DA:83,4
DA:87,4
DA:91,6
DA:92,4
DA:96,3
DA:97,1
DA:98,1
DA:102,3
DA:103,1
DA:104,1
DA:108,3
DA:109,1
DA:110,1
DA:116,2
DA:117,2
LF:47
LH:46
end_of_record
SF:lib/src/playlists/playlist_client.dart
DA:15,8
DA:18,1
DA:19,1
DA:21,4
DA:22,1
DA:24,1
DA:25,1
DA:26,1
DA:27,2
DA:28,2
DA:29,1
DA:34,2
DA:35,2
DA:38,8
DA:41,4
DA:42,2
DA:45,2
DA:49,4
DA:53,4
DA:54,2
DA:55,2
DA:56,2
DA:57,4
DA:61,2
DA:62,2
DA:63,2
DA:65,4
DA:69,6
LF:28
LH:28
end_of_record
SF:lib/src/reverse_engineering/pages/playlist_page.dart
DA:16,6
DA:18,3
DA:20,3
DA:22,3
DA:24,3
DA:26,3
DA:29,2
DA:30,2
DA:33,2
DA:34,6
DA:39,8
DA:41,6
DA:45,2
DA:49,2
DA:50,4
DA:51,4
DA:52,2
DA:57,2
DA:58,8
DA:62,4
DA:64,2
DA:65,1
DA:66,1
DA:67,1
DA:69,2
DA:70,1
DA:71,1
DA:72,1
DA:73,1
DA:74,1
DA:75,1
DA:76,1
DA:77,1
DA:78,1
DA:79,1
DA:80,1
DA:82,2
DA:83,1
DA:84,1
DA:85,1
DA:87,2
DA:88,1
DA:89,1
DA:90,1
DA:91,1
DA:92,1
DA:93,1
DA:94,1
DA:95,1
DA:96,1
DA:99,2
DA:100,1
DA:101,1
DA:102,1
DA:103,1
DA:104,1
DA:105,1
DA:106,1
DA:107,1
DA:108,1
DA:109,1
DA:110,1
DA:112,2
DA:113,4
DA:114,6
DA:115,2
DA:116,2
DA:117,2
DA:118,2
DA:120,2
DA:121,2
DA:122,2
DA:123,2
DA:124,2
DA:125,2
DA:126,2
DA:127,2
DA:128,2
DA:129,2
DA:130,2
DA:131,2
DA:132,2
DA:133,2
DA:134,2
DA:135,2
DA:136,2
DA:137,2
DA:138,2
DA:139,2
DA:140,2
DA:142,4
DA:143,2
DA:144,2
DA:145,0
DA:146,0
DA:147,0
DA:148,2
DA:149,2
DA:150,0
DA:151,0
DA:152,0
DA:154,2
DA:155,2
DA:156,6
DA:157,8
DA:158,2
DA:175,2
DA:177,6
DA:179,2
DA:180,2
DA:181,2
DA:182,0
DA:183,0
DA:184,0
DA:185,2
DA:186,2
DA:187,2
DA:188,2
DA:189,2
DA:192,2
DA:193,2
DA:194,2
DA:195,0
DA:196,0
DA:197,0
DA:198,0
DA:199,0
DA:200,2
DA:201,2
DA:202,2
DA:203,2
DA:204,2
DA:205,2
DA:206,2
DA:209,10
DA:211,2
DA:212,4
DA:214,2
DA:215,8
DA:217,2
DA:218,4
LF:141
LH:127
end_of_record
SF:lib/src/retry.dart
DA:11,8
DA:18,16
DA:20,2
DA:21,2
DA:22,0
DA:25,4
DA:26,2
DA:29,0
DA:35,2
DA:36,2
DA:37,2
DA:38,2
DA:39,2
DA:42,2
DA:45,2
LF:15
LH:13
end_of_record
SF:lib/src/reverse_engineering/clients/closed_caption_client.dart
DA:12,1
DA:13,5
DA:16,0
DA:20,2
DA:23,1
DA:25,2
DA:26,2
DA:27,2
DA:28,1
DA:38,3
DA:41,1
DA:42,4
DA:45,1
DA:46,4
DA:52,1
DA:53,6
DA:55,1
DA:63,3
DA:66,1
DA:67,4
DA:69,1
LF:21
LH:20
end_of_record
SF:lib/src/reverse_engineering/clients/comments_client.dart
DA:11,2
DA:13,1
DA:14,1
DA:18,1
DA:21,1
DA:23,1
DA:24,0
DA:25,0
DA:27,1
DA:32,2
DA:33,1
DA:37,0
DA:39,0
DA:40,0
DA:43,1
DA:44,1
DA:45,1
DA:46,0
DA:47,0
DA:48,0
DA:49,0
DA:50,0
DA:51,0
DA:52,0
DA:53,0
DA:54,0
DA:55,0
DA:56,0
DA:57,0
DA:58,0
DA:61,0
DA:62,0
DA:63,0
DA:64,0
DA:65,0
DA:66,0
DA:67,0
DA:68,0
DA:69,0
DA:70,0
DA:71,0
DA:72,0
DA:73,0
DA:74,0
DA:75,0
DA:76,0
DA:77,0
DA:78,0
DA:79,0
DA:80,0
DA:81,0
DA:82,0
DA:83,0
DA:87,0
DA:88,0
DA:89,0
DA:90,0
DA:91,0
DA:92,0
DA:93,0
DA:94,0
DA:95,0
DA:96,0
DA:97,0
DA:98,0
DA:100,0
DA:101,0
DA:105,0
DA:106,0
DA:167,0
DA:169,0
DA:170,0
LF:72
LH:12
end_of_record
SF:lib/src/reverse_engineering/clients/embedded_player_client.dart
DA:17,4
DA:19,4
DA:22,4
DA:25,2
DA:26,1
DA:27,1
DA:28,3
DA:32,2
DA:33,1
DA:34,1
DA:35,3
DA:39,4
DA:42,0
DA:45,2
DA:48,1
DA:51,1
DA:62,1
DA:64,2
DA:65,2
DA:66,1
DA:67,1
DA:72,2
DA:74,1
DA:75,2
DA:76,1
DA:84,3
DA:90,3
DA:93,3
DA:96,2
DA:97,2
DA:98,3
DA:102,3
DA:105,1
DA:106,4
DA:109,2
DA:110,3
DA:111,4
DA:114,3
DA:117,3
DA:118,0
DA:119,0
DA:122,2
DA:124,5
DA:127,3
DA:129,0
DA:131,0
DA:134,3
DA:138,3
DA:140,4
DA:143,2
DA:145,1
DA:146,2
DA:150,1
DA:153,5
DA:156,1
DA:157,6
DA:159,1
DA:163,2
DA:166,1
DA:172,1
LF:60
LH:55
end_of_record
SF:lib/src/reverse_engineering/models/stream_info_provider.dart
DA:5,12
DA:10,0
DA:24,0
DA:27,0
DA:30,0
DA:33,0
DA:39,0
DA:42,0
DA:45,0
DA:52,0
DA:55,0
DA:58,0
DA:61,1
LF:13
LH:2
end_of_record
SF:lib/src/reverse_engineering/dash_manifest.dart
DA:13,0
DA:21,0
DA:25,0
DA:28,0
DA:29,0
DA:30,0
DA:31,0
DA:36,0
DA:37,0
DA:39,0
DA:40,0
DA:42,0
DA:43,0
DA:45,0
DA:46,0
DA:47,0
DA:48,0
DA:49,0
DA:54,0
DA:56,0
DA:58,0
DA:60,0
DA:61,0
DA:62,0
DA:63,0
DA:65,0
DA:66,0
DA:67,0
DA:68,0
DA:72,0
DA:100,0
DA:101,0
DA:105,0
DA:106,0
DA:107,0
DA:108,0
DA:109,0
DA:110,0
DA:111,0
DA:115,0
DA:117,0
DA:118,0
DA:121,0
DA:122,0
DA:123,0
DA:126,0
DA:128,0
DA:130,0
DA:131,0
DA:132,0
DA:133,0
DA:134,0
DA:136,0
DA:137,0
DA:141,0
DA:143,0
DA:144,0
DA:146,0
DA:147,0
DA:153,0
DA:155,0
DA:156,0
DA:157,0
DA:159,0
DA:160,0
DA:162,0
DA:163,0
DA:164,0
DA:168,0
DA:169,0
DA:172,0
DA:175,0
DA:176,0
DA:177,0
DA:178,0
DA:179,0
DA:182,0
DA:183,0
DA:186,0
DA:187,0
DA:188,0
DA:209,0
DA:210,0
DA:212,0
DA:214,0
DA:215,0
DA:217,0
DA:218,0
DA:220,0
DA:222,0
DA:239,0
DA:242,0
DA:249,0
DA:256,0
DA:267,0
DA:269,0
DA:270,0
DA:272,0
DA:273,0
DA:274,0
DA:275,0
DA:276,0
LF:102
LH:0
end_of_record
SF:lib/src/reverse_engineering/models/fragment.dart
DA:10,0
DA:12,0
DA:13,0
DA:15,0
LF:4
LH:0
end_of_record
SF:lib/src/reverse_engineering/models/fragment.g.dart
DA:9,0
DA:10,0
DA:13,0
DA:14,0
LF:4
LH:0
end_of_record
SF:lib/src/reverse_engineering/heuristics.dart
DA:23,1
DA:27,1
DA:29,1
DA:33,1
DA:37,1
DA:41,1
DA:45,1
DA:49,1
DA:53,1
DA:57,1
DA:61,0
DA:65,0
DA:69,0
DA:77,0
DA:80,0
DA:82,0
DA:83,0
DA:86,0
DA:87,0
DA:91,0
DA:92,0
DA:94,0
LF:22
LH:10
end_of_record
SF:lib/src/videos/streams/video_quality.dart
DA:2,12
LF:1
LH:1
end_of_record
SF:lib/src/videos/streams/video_resolution.dart
DA:15,13
DA:17,0
DA:18,0
DA:20,0
DA:22,0
DA:23,0
DA:25,0
DA:27,0
DA:31,0
DA:35,0
DA:38,0
LF:11
LH:1
end_of_record
SF:lib/src/videos/streams/video_resolution.g.dart
DA:9,0
DA:10,0
DA:11,0
DA:12,0
DA:15,0
DA:16,0
DA:17,0
DA:18,0
LF:8
LH:0
end_of_record
SF:lib/src/reverse_engineering/models/initial_data.dart
DA:9,6
LF:1
LH:1
end_of_record
SF:lib/src/reverse_engineering/models/youtube_page.dart
DA:14,18
DA:21,6
DA:22,6
DA:23,6
DA:24,18
DA:25,6
DA:26,6
DA:27,6
DA:28,6
DA:29,0
DA:30,0
DA:33,8
DA:34,8
LF:13
LH:11
end_of_record
SF:lib/src/reverse_engineering/pages/player_config_base.dart
DA:9,0
LF:1
LH:0
end_of_record
SF:lib/src/reverse_engineering/pages/search_page.dart
DA:16,3
DA:18,3
DA:20,3
DA:23,0
DA:24,0
DA:26,1
DA:27,2
DA:28,0
DA:33,0
DA:34,0
DA:38,1
DA:42,3
DA:43,2
DA:44,2
DA:45,1
DA:51,1
DA:52,4
DA:56,2
DA:58,1
DA:59,2
DA:60,1
DA:61,1
DA:62,1
DA:63,1
DA:64,1
DA:65,1
DA:66,1
DA:67,1
DA:68,1
DA:70,0
DA:71,0
DA:72,0
DA:73,0
DA:74,0
DA:75,0
DA:76,0
DA:77,0
DA:78,0
DA:83,1
DA:84,2
DA:85,1
DA:86,1
DA:87,1
DA:88,1
DA:89,1
DA:90,1
DA:92,2
DA:96,0
DA:97,0
DA:98,0
DA:99,0
DA:100,0
DA:102,0
DA:103,0
DA:104,0
DA:105,0
DA:106,0
DA:107,0
DA:108,0
DA:109,0
DA:110,0
DA:111,0
DA:112,0
DA:118,1
DA:119,5
DA:122,1
DA:123,1
DA:124,3
DA:125,2
DA:126,1
DA:127,1
DA:128,1
DA:129,1
DA:130,1
DA:131,2
DA:132,1
DA:133,1
DA:136,2
DA:138,1
DA:139,3
DA:141,1
DA:145,1
DA:146,1
DA:149,1
DA:150,2
DA:152,1
DA:153,1
DA:154,1
DA:155,1
DA:157,1
DA:158,1
DA:159,1
DA:160,1
DA:162,1
DA:163,1
DA:164,1
DA:165,1
DA:166,1
DA:167,1
DA:169,2
DA:170,1
DA:171,1
DA:172,1
DA:173,1
DA:174,1
DA:176,1
DA:177,1
DA:178,0
DA:179,0
DA:180,0
DA:181,0
DA:183,2
DA:184,2
DA:185,5
DA:186,1
DA:187,2
DA:189,1
DA:190,1
DA:191,0
DA:192,0
DA:193,1
DA:196,1
DA:197,1
DA:198,1
DA:199,1
DA:200,1
DA:201,1
DA:203,1
DA:204,1
DA:206,2
DA:208,1
DA:209,2
DA:210,2
DA:212,1
DA:213,1
DA:214,1
DA:215,1
DA:216,1
DA:218,3
DA:219,7
DA:220,1
DA:223,1
DA:224,1
DA:226,1
DA:227,2
DA:228,2
DA:229,3
DA:232,1
DA:233,1
DA:234,1
DA:235,1
DA:236,1
DA:237,1
LF:153
LH:117
end_of_record
SF:lib/src/reverse_engineering/player/player_response.dart
DA:15,1
DA:16,3
DA:19,0
DA:22,4
DA:25,8
DA:28,8
DA:31,4
DA:32,2
DA:33,2
DA:34,2
DA:35,2
DA:38,4
DA:39,2
DA:40,2
DA:41,2
DA:42,2
DA:45,3
DA:46,9
DA:49,4
DA:51,8
DA:54,2
DA:55,2
DA:56,2
DA:57,2
DA:58,2
DA:62,2
DA:63,6
DA:66,2
DA:67,8
DA:70,1
DA:71,1
DA:72,1
DA:73,1
DA:74,1
DA:75,1
DA:76,2
DA:77,1
DA:78,1
DA:79,1
DA:80,0
DA:81,0
DA:82,1
DA:85,8
DA:88,1
DA:89,3
DA:92,0
DA:93,0
DA:120,2
DA:121,1
DA:122,1
DA:123,1
DA:124,3
DA:125,1
DA:126,1
DA:130,1
DA:131,3
DA:133,5
DA:136,0
DA:145,3
DA:148,3
DA:151,4
DA:154,1
DA:155,4
DA:158,1
DA:162,0
DA:207,0
DA:209,0
DA:223,0
DA:224,0
DA:228,0
DA:237,0
DA:241,0
DA:244,0
DA:250,0
LF:74
LH:58
end_of_record
SF:lib/src/reverse_engineering/player/player_source.dart
DA:11,0
DA:13,0
DA:16,0
DA:18,0
DA:19,0
DA:26,0
DA:27,0
DA:28,0
DA:29,0
DA:30,0
DA:31,0
DA:32,0
DA:34,0
DA:87,0
DA:88,0
DA:93,0
DA:95,0
DA:98,0
DA:102,0
DA:105,1
DA:108,1
DA:110,2
DA:111,3
DA:112,2
DA:113,1
DA:115,2
DA:116,3
DA:118,0
DA:121,3
DA:124,3
DA:132,1
DA:133,1
DA:134,0
DA:136,1
DA:139,1
DA:140,2
DA:141,2
DA:144,0
DA:146,1
DA:147,3
DA:149,0
DA:150,0
DA:151,0
DA:152,0
LF:44
LH:18
end_of_record
SF:lib/src/search/search_client.dart
DA:12,8
DA:18,1
DA:19,3
DA:21,1
DA:22,1
DA:23,1
DA:24,12
DA:25,9
DA:26,1
DA:28,1
DA:31,0
DA:32,0
DA:38,1
DA:39,3
DA:41,3
DA:49,0
DA:52,1
DA:53,2
DA:54,3
DA:55,1
DA:56,1
DA:57,4
DA:58,1
DA:59,1
DA:60,5
DA:66,1
DA:67,2
DA:69,0
DA:70,0
LF:29
LH:24
end_of_record
SF:lib/src/search/search_filter.dart
DA:5,48
DA:9,0
DA:46,0
DA:65,0
DA:84,0
DA:94,0
LF:6
LH:1
end_of_record
SF:lib/src/search/search_list.dart
DA:18,2
DA:22,0
DA:23,0
DA:28,0
DA:38,2
DA:42,1
DA:43,4
DA:48,0
DA:49,0
DA:50,0
DA:51,0
DA:52,0
DA:53,0
DA:54,0
DA:55,0
DA:56,0
DA:57,0
DA:59,0
DA:60,0
DA:61,0
DA:63,0
DA:64,0
DA:66,0
DA:68,0
LF:24
LH:4
end_of_record
SF:lib/src/search/search_query.dart
DA:14,1
DA:17,1
DA:20,2
DA:21,1
DA:26,0
DA:27,0
DA:31,0
DA:36,3
DA:40,3
DA:43,3
LF:10
LH:7
end_of_record
SF:lib/src/videos/closed_captions/closed_caption.dart
DA:22,4
DA:29,1
DA:31,1
DA:37,1
DA:38,5
DA:40,0
DA:41,0
DA:44,0
DA:45,0
DA:48,0
LF:10
LH:5
end_of_record
SF:lib/src/videos/closed_captions/closed_caption.g.dart
DA:9,0
DA:10,0
DA:11,0
DA:12,0
DA:13,0
DA:14,0
DA:15,0
DA:18,0
DA:19,0
DA:20,0
DA:21,0
DA:22,0
DA:23,0
LF:13
LH:0
end_of_record
SF:lib/src/videos/closed_captions/closed_caption_part.dart
DA:16,1
DA:18,0
DA:19,0
DA:22,0
DA:23,0
DA:26,0
LF:6
LH:1
end_of_record
SF:lib/src/videos/closed_captions/closed_caption_part.g.dart
DA:9,0
DA:10,0
DA:11,0
DA:12,0
DA:15,0
DA:16,0
DA:17,0
DA:18,0
LF:8
LH:0
end_of_record
SF:lib/src/videos/closed_captions/closed_caption_client.dart
DA:16,8
DA:20,1
DA:31,1
DA:34,4
DA:35,1
DA:37,2
DA:38,2
DA:39,2
DA:40,2
DA:41,3
DA:42,3
DA:43,1
DA:47,1
DA:52,1
DA:53,4
DA:55,1
DA:56,4
DA:57,6
DA:58,6
DA:59,1
DA:63,1
DA:64,4
DA:65,2
LF:23
LH:23
end_of_record
SF:lib/src/videos/closed_captions/language.dart
DA:18,1
DA:21,0
DA:22,0
LF:3
LH:1
end_of_record
SF:lib/src/videos/closed_captions/language.g.dart
DA:9,0
DA:10,0
DA:11,0
DA:14,0
DA:15,0
DA:16,0
DA:17,0
LF:7
LH:0
end_of_record
SF:lib/src/videos/closed_captions/closed_caption_format.dart
DA:30,12
DA:33,0
DA:34,0
DA:37,0
LF:4
LH:1
end_of_record
SF:lib/src/videos/closed_captions/closed_caption_format.g.dart
DA:9,0
DA:10,0
DA:11,0
DA:14,0
DA:16,0
DA:17,0
LF:6
LH:0
end_of_record
SF:lib/src/videos/closed_captions/closed_caption_manifest.dart
DA:13,1
DA:14,1
DA:19,1
DA:21,1
DA:22,1
DA:23,2
DA:24,4
DA:25,4
DA:26,0
DA:27,1
DA:28,1
LF:11
LH:10
end_of_record
SF:lib/src/videos/closed_captions/closed_caption_track_info.dart
DA:30,1
DA:34,1
DA:35,1
DA:36,4
DA:37,2
DA:40,0
DA:41,0
DA:44,0
DA:45,0
LF:9
LH:5
end_of_record
SF:lib/src/videos/closed_captions/closed_caption_track_info.g.dart
DA:9,0
DA:11,0
DA:12,0
DA:13,0
DA:14,0
DA:16,0
DA:19,0
DA:21,0
DA:22,0
DA:23,0
DA:24,0
DA:25,0
LF:12
LH:0
end_of_record
SF:lib/src/videos/closed_captions/closed_caption_track.dart
DA:15,1
DA:16,1
DA:20,1
DA:21,7
DA:24,0
DA:25,0
DA:28,0
LF:7
LH:4
end_of_record
SF:lib/src/videos/closed_captions/closed_caption_track.g.dart
DA:9,0
DA:10,0
DA:11,0
DA:12,0
DA:15,0
DA:16,0
DA:17,0
LF:7
LH:0
end_of_record
SF:lib/src/videos/comments/comments_client.dart
DA:11,8
DA:15,1
DA:16,1
DA:20,3
DA:26,0
DA:27,1
DA:28,0
DA:29,0
DA:30,0
DA:31,0
DA:32,0
DA:33,0
DA:34,0
DA:35,0
DA:36,0
DA:37,0
DA:38,0
DA:40,0
DA:43,0
DA:44,0
DA:49,0
DA:55,0
DA:56,0
DA:57,0
DA:58,0
DA:59,0
DA:60,0
DA:61,0
DA:62,0
DA:63,0
DA:64,0
DA:65,0
DA:66,0
DA:69,0
LF:34
LH:5
end_of_record
SF:lib/src/videos/comments/comments_list.dart
DA:17,0
DA:19,0
DA:23,0
DA:24,0
DA:29,0
DA:30,0
DA:31,0
DA:32,0
DA:33,0
DA:34,0
DA:35,0
DA:36,0
DA:37,0
DA:38,0
DA:39,0
DA:40,0
DA:41,0
DA:43,0
LF:18
LH:0
end_of_record
SF:lib/src/videos/streams/audio_only_stream_info.dart
DA:41,1
DA:52,0
DA:53,0
DA:55,0
DA:56,0
DA:58,0
DA:59,0
LF:7
LH:1
end_of_record
SF:lib/src/videos/streams/stream_info.dart
DA:40,0
DA:44,0
DA:45,0
DA:48,0
DA:49,0
DA:50,0
DA:51,0
DA:52,0
DA:53,0
DA:54,0
DA:55,0
DA:56,0
DA:57,0
DA:58,0
DA:59,0
DA:60,0
DA:61,0
DA:64,0
DA:73,0
DA:75,0
DA:76,0
DA:78,0
DA:80,0
DA:81,0
DA:82,0
DA:83,0
DA:84,0
DA:86,0
DA:88,0
DA:89,0
DA:90,0
DA:91,0
DA:92,0
DA:95,0
DA:97,0
DA:99,0
DA:103,0
DA:104,0
LF:38
LH:0
end_of_record
SF:lib/src/videos/streams/audio_only_stream_info.g.dart
DA:9,0
DA:10,0
DA:11,0
DA:12,0
DA:13,0
DA:14,0
DA:15,0
DA:16,0
DA:17,0
DA:18,0
DA:19,0
DA:20,0
DA:21,0
DA:24,0
DA:26,0
DA:27,0
DA:28,0
DA:29,0
DA:30,0
DA:31,0
DA:32,0
DA:33,0
DA:34,0
DA:35,0
LF:24
LH:0
end_of_record
SF:lib/src/videos/streams/bitrate.dart
DA:10,0
DA:13,0
DA:16,0
DA:25,0
DA:26,0
DA:28,13
DA:32,0
DA:33,0
DA:35,0
DA:36,0
DA:39,0
DA:42,0
DA:48,0
DA:49,0
DA:50,0
DA:52,0
DA:53,0
DA:55,0
DA:56,0
DA:58,0
DA:61,0
DA:63,0
LF:22
LH:1
end_of_record
SF:lib/src/videos/streams/bitrate.g.dart
DA:9,0
DA:10,0
DA:13,0
DA:14,0
DA:15,0
LF:5
LH:0
end_of_record
SF:lib/src/videos/streams/filesize.dart
DA:10,0
DA:13,0
DA:16,0
DA:25,0
DA:26,0
DA:28,13
DA:32,0
DA:33,0
DA:35,0
DA:36,0
DA:39,0
DA:42,0
DA:48,0
DA:49,0
DA:50,0
DA:52,0
DA:53,0
DA:55,0
DA:56,0
DA:58,0
DA:61,0
DA:63,0
LF:22
LH:1
end_of_record
SF:lib/src/videos/streams/filesize.g.dart
DA:9,0
DA:10,0
DA:13,0
DA:14,0
DA:15,0
LF:5
LH:0
end_of_record
SF:lib/src/videos/streams/framerate.dart
DA:15,1
DA:17,0
DA:18,0
DA:21,0
DA:24,0
DA:26,0
DA:27,0
DA:29,0
DA:31,0
LF:9
LH:1
end_of_record
SF:lib/src/videos/streams/framerate.g.dart
DA:9,0
DA:10,0
DA:13,0
DA:14,0
DA:15,0
LF:5
LH:0
end_of_record
SF:lib/src/videos/streams/muxed_stream_info.dart
DA:42,0
DA:44,0
DA:59,1
DA:72,1
DA:87,0
DA:89,0
DA:91,0
DA:92,0
DA:94,0
DA:95,0
LF:10
LH:2
end_of_record
SF:lib/src/videos/streams/video_stream_info.dart
DA:25,0
DA:26,0
DA:32,0
DA:35,0
DA:40,0
DA:41,0
DA:42,0
LF:7
LH:0
end_of_record
SF:lib/src/videos/streams/muxed_stream_info.g.dart
DA:9,0
DA:10,0
DA:11,0
DA:12,0
DA:13,0
DA:14,0
DA:15,0
DA:16,0
DA:17,0
DA:18,0
DA:19,0
DA:20,0
DA:21,0
DA:22,0
DA:25,0
DA:26,0
DA:27,0
DA:28,0
DA:29,0
DA:30,0
DA:31,0
DA:32,0
DA:33,0
DA:34,0
DA:35,0
DA:36,0
DA:37,0
DA:38,0
LF:28
LH:0
end_of_record
SF:lib/src/videos/streams/stream_container.dart
DA:16,0
DA:17,0
DA:19,12
DA:31,1
DA:32,2
DA:35,2
DA:38,2
DA:42,0
DA:45,0
DA:46,0
LF:10
LH:5
end_of_record
SF:lib/src/videos/streams/stream_container.g.dart
DA:9,0
DA:10,0
DA:11,0
DA:14,0
DA:15,0
DA:16,0
LF:6
LH:0
end_of_record
SF:lib/src/videos/streams/stream_context.dart
DA:13,1
LF:1
LH:1
end_of_record
SF:lib/src/videos/streams/stream_manifest.dart
DA:12,1
DA:13,1
DA:31,1
DA:32,3
DA:36,1
DA:37,3
DA:39,0
DA:40,0
LF:8
LH:6
end_of_record
SF:lib/src/videos/streams/streams_client.dart
DA:19,8
DA:21,0
DA:24,0
DA:25,0
DA:26,0
DA:27,0
DA:29,0
DA:32,1
DA:34,4
DA:36,3
DA:39,1
DA:40,4
DA:42,1
DA:45,1
DA:47,0
DA:50,1
DA:51,1
DA:52,1
DA:53,1
DA:56,1
DA:57,1
DA:58,3
DA:61,1
DA:63,1
DA:64,1
DA:65,1
DA:68,0
DA:69,0
DA:72,0
DA:73,0
DA:76,0
DA:77,0
DA:79,0
DA:80,0
DA:82,0
DA:85,1
DA:87,1
DA:89,2
DA:90,1
DA:91,2
DA:94,1
DA:95,1
DA:97,1
DA:98,0
DA:99,0
DA:103,2
DA:105,1
DA:106,3
DA:109,3
DA:113,2
DA:114,1
DA:115,2
DA:117,1
DA:118,1
DA:121,1
DA:122,2
DA:123,2
DA:125,1
DA:126,1
DA:127,4
DA:128,1
DA:129,0
DA:132,1
DA:133,2
DA:134,2
DA:142,1
DA:146,1
DA:152,2
DA:159,1
DA:163,1
DA:164,1
DA:168,1
DA:169,2
DA:176,1
DA:177,1
DA:178,1
DA:185,2
DA:190,1
DA:191,1
DA:194,2
DA:195,1
DA:196,1
DA:199,2
DA:201,0
DA:206,1
DA:207,4
DA:209,1
DA:212,0
DA:216,1
DA:217,0
DA:218,0
DA:221,1
DA:223,0
DA:229,1
DA:230,2
LF:95
LH:71
end_of_record
SF:lib/src/videos/streams/video_only_stream_info.dart
DA:34,0
DA:35,0
DA:53,1
DA:67,0
DA:69,0
DA:71,0
DA:72,0
DA:74,0
DA:75,0
LF:9
LH:1
end_of_record
SF:lib/src/videos/streams/video_only_stream_info.g.dart
DA:9,0
DA:10,0
DA:11,0
DA:12,0
DA:13,0
DA:14,0
DA:15,0
DA:16,0
DA:17,0
DA:18,0
DA:19,0
DA:20,0
DA:21,0
DA:22,0
DA:23,0
DA:24,0
DA:27,0
DA:29,0
DA:30,0
DA:31,0
DA:32,0
DA:33,0
DA:34,0
DA:35,0
DA:36,0
DA:37,0
DA:38,0
DA:39,0
DA:40,0
DA:41,0
LF:30
LH:0
end_of_record
SF:lib/src/videos/video_client.dart
DA:17,0
DA:27,0
DA:30,8
DA:31,8
DA:32,8
DA:33,8
DA:36,2
DA:37,8
DA:38,2
DA:40,2
DA:42,2
DA:43,2
DA:44,4
DA:45,2
DA:46,4
DA:47,2
DA:48,2
DA:49,2
DA:50,4
DA:51,2
DA:52,8
DA:53,2
DA:58,6
LF:23
LH:21
end_of_record
SF:lib/src/youtube_explode_base.dart
DA:26,8
DA:27,8
DA:28,24
DA:29,24
DA:30,24
DA:31,24
DA:36,24
LF:7
LH:7
end_of_record
